<?xml version="1.0" encoding="UTF-8"?>
<!-- Generated by org.testng.reporters.JUnitXMLReporter -->
<testsuite hostname="Masteros-MacBook-Air.local" ignored="0" name="Test1" tests="1" failures="0" timestamp="11 Dec 2018 17:12:10 GMT" time="0.047" errors="0">
  <testcase name="@BeforeTest beforeTest" time="0.0" classname="testCases.JoinUsFromFB">
    <skipped/>
  </testcase> <!-- @BeforeTest beforeTest -->
  <testcase name="@BeforeTest beforeTest" time="0.0" classname="testCases.JoinUsFromFB">
    <skipped/>
  </testcase> <!-- @BeforeTest beforeTest -->
  <testcase name="@AfterTest afterTest" time="0.0" classname="testCases.JoinUsFromFB">
    <skipped/>
  </testcase> <!-- @AfterTest afterTest -->
  <testcase name="@AfterTest afterTest" time="0.0" classname="testCases.JoinUsFromFB">
    <skipped/>
  </testcase> <!-- @AfterTest afterTest -->
  <testcase name="joinUsFromFaceBook" time="0.0" classname="testCases.JoinUsFromFB">
    <skipped/>
  </testcase> <!-- joinUsFromFaceBook -->
</testsuite> <!-- Test1 -->
