<?xml version="1.0" encoding="UTF-8"?>
<!-- Generated by org.testng.reporters.JUnitXMLReporter -->
<testsuite hostname="Masteros-MacBook-Air.local" ignored="0" name="Test4" tests="1" failures="0" timestamp="11 Dec 2018 17:12:00 GMT" time="0.044" errors="0">
  <testcase name="@BeforeSuite beforeSuite" time="0.068" classname="testCases.JoinUsFromFB">
    <failure type="org.apache.poi.POIXMLException" message="org.apache.poi.openxml4j.exceptions.InvalidFormatException: Package should contain a content type part [M1.13]">
      <![CDATA[org.apache.poi.POIXMLException: org.apache.poi.openxml4j.exceptions.InvalidFormatException: Package should contain a content type part [M1.13]
at org.apache.poi.util.PackageHelper.open(PackageHelper.java:39)
at org.apache.poi.xssf.usermodel.XSSFWorkbook.<init>(XSSFWorkbook.java:258)
at resources.Utility.selectExcel(Utility.java:36)
at testCases.JoinUsFromFB.beforeSuite(JoinUsFromFB.java:39)
Caused by: org.apache.poi.openxml4j.exceptions.InvalidFormatException: Package should contain a content type part [M1.13]
at org.apache.poi.openxml4j.opc.ZipPackage.getPartsImpl(ZipPackage.java:203)
at org.apache.poi.openxml4j.opc.OPCPackage.getParts(OPCPackage.java:673)
at org.apache.poi.openxml4j.opc.OPCPackage.open(OPCPackage.java:274)
at org.apache.poi.util.PackageHelper.open(PackageHelper.java:37)
... 23 more
... Removed 20 stack frames]]>
    </failure>
  </testcase> <!-- @BeforeSuite beforeSuite -->
  <testcase name="@BeforeTest beforeTest" time="0.0" classname="testCases.JoinUsFromFB">
    <skipped/>
  </testcase> <!-- @BeforeTest beforeTest -->
  <testcase name="@AfterTest afterTest" time="0.0" classname="testCases.JoinUsFromFB">
    <skipped/>
  </testcase> <!-- @AfterTest afterTest -->
  <testcase name="joinUsFromFaceBook" time="0.0" classname="testCases.JoinUsFromFB">
    <skipped/>
  </testcase> <!-- joinUsFromFaceBook -->
</testsuite> <!-- Test4 -->
